Using pre-set license
Built from '2021.3/staging' branch; Version is '2021.3.16f1 (4016570cf34f) revision 4200023'; Using compiler version '192829333'; Build Type 'Release'
OS: 'Windows 11  (10.0.22621) 64bit Professional' Language: 'tr' Physical Memory: 16173 MB
BatchMode: 1, IsHumanControllingUs: 0, StartBugReporterOnCrash: 0, Is64bit: 1, IsPro: 1

COMMAND LINE ARGUMENTS:
C:\Program Files\Unity\Hub\Editor\2021.3.16f1\Editor\Unity.exe
-adb2
-batchMode
-noUpm
-name
AssetImportWorker0
-projectPath
C:/Users/asbolge/Desktop/UnityProjeler/Labirent
-logFile
Logs/AssetImportWorker0.log
-srvPort
63515
Successfully changed project path to: C:/Users/asbolge/Desktop/UnityProjeler/Labirent
C:/Users/asbolge/Desktop/UnityProjeler/Labirent
[UnityMemory] Configuration Parameters - Can be set up in boot.config
    "memorysetup-bucket-allocator-granularity=16"
    "memorysetup-bucket-allocator-bucket-count=8"
    "memorysetup-bucket-allocator-block-size=33554432"
    "memorysetup-bucket-allocator-block-count=8"
    "memorysetup-main-allocator-block-size=16777216"
    "memorysetup-thread-allocator-block-size=16777216"
    "memorysetup-gfx-main-allocator-block-size=16777216"
    "memorysetup-gfx-thread-allocator-block-size=16777216"
    "memorysetup-cache-allocator-block-size=4194304"
    "memorysetup-typetree-allocator-block-size=2097152"
    "memorysetup-profiler-bucket-allocator-granularity=16"
    "memorysetup-profiler-bucket-allocator-bucket-count=8"
    "memorysetup-profiler-bucket-allocator-block-size=33554432"
    "memorysetup-profiler-bucket-allocator-block-count=8"
    "memorysetup-profiler-allocator-block-size=16777216"
    "memorysetup-profiler-editor-allocator-block-size=1048576"
    "memorysetup-temp-allocator-size-main=16777216"
    "memorysetup-job-temp-allocator-block-size=2097152"
    "memorysetup-job-temp-allocator-block-size-background=1048576"
    "memorysetup-job-temp-allocator-reduction-small-platforms=262144"
    "memorysetup-temp-allocator-size-background-worker=32768"
    "memorysetup-temp-allocator-size-job-worker=262144"
    "memorysetup-temp-allocator-size-preload-manager=33554432"
    "memorysetup-temp-allocator-size-nav-mesh-worker=65536"
    "memorysetup-temp-allocator-size-audio-worker=65536"
    "memorysetup-temp-allocator-size-cloud-worker=32768"
    "memorysetup-temp-allocator-size-gi-baking-worker=262144"
    "memorysetup-temp-allocator-size-gfx=262144"
Player connection [10768] Host "[IP] 192.168.1.171 [Port] 0 [Flags] 2 [Guid] 806960507 [EditorId] 806960507 [Version] 1048832 [Id] WindowsEditor(7,DESKTOP-FRU7IOS) [Debug] 1 [PackageName] WindowsEditor [ProjectName] Editor" joined multi-casting on [225.0.0.222:54997]...

Player connection [10768] Host "[IP] 192.168.1.171 [Port] 0 [Flags] 2 [Guid] 806960507 [EditorId] 806960507 [Version] 1048832 [Id] WindowsEditor(7,DESKTOP-FRU7IOS) [Debug] 1 [PackageName] WindowsEditor [ProjectName] Editor" joined alternative multi-casting on [225.0.0.222:34997]...

Refreshing native plugins compatible for Editor in 168.40 ms, found 3 plugins.
Preloading 0 native plugins for Editor in 0.00 ms.
Initialize engine version: 2021.3.16f1 (4016570cf34f)
[Subsystems] Discovering subsystems at path C:/Program Files/Unity/Hub/Editor/2021.3.16f1/Editor/Data/Resources/UnitySubsystems
[Subsystems] Discovering subsystems at path C:/Users/asbolge/Desktop/UnityProjeler/Labirent/Assets
GfxDevice: creating device client; threaded=0; jobified=0
Direct3D:
    Version:  Direct3D 11.0 [level 11.1]
    Renderer: NVIDIA GeForce GTX 1650 (ID=0x1f99)
    Vendor:   NVIDIA
    VRAM:     3950 MB
    Driver:   31.0.15.2849
Initialize mono
Mono path[0] = 'C:/Program Files/Unity/Hub/Editor/2021.3.16f1/Editor/Data/Managed'
Mono path[1] = 'C:/Program Files/Unity/Hub/Editor/2021.3.16f1/Editor/Data/MonoBleedingEdge/lib/mono/unityjit-win32'
Mono config path = 'C:/Program Files/Unity/Hub/Editor/2021.3.16f1/Editor/Data/MonoBleedingEdge/etc'
Using monoOptions --debugger-agent=transport=dt_socket,embedding=1,server=y,suspend=n,address=127.0.0.1:56004
Begin MonoManager ReloadAssembly
Registering precompiled unity dll's ...
Register platform support module: C:/Program Files/Unity/Hub/Editor/2021.3.16f1/Editor/Data/PlaybackEngines/WebGLSupport/UnityEditor.WebGL.Extensions.dll
Register platform support module: C:/Program Files/Unity/Hub/Editor/2021.3.16f1/Editor/Data/PlaybackEngines/WindowsStandaloneSupport/UnityEditor.WindowsStandalone.Extensions.dll
Registered in 0.008342 seconds.
Native extension for WindowsStandalone target not found
Native extension for WebGL target not found
Refreshing native plugins compatible for Editor in 131.08 ms, found 3 plugins.
Preloading 0 native plugins for Editor in 0.00 ms.
Mono: successfully reloaded assembly
- Completed reload, in  1.271 seconds
Domain Reload Profiling:
	ReloadAssembly (1271ms)
		BeginReloadAssembly (278ms)
			ExecutionOrderSort (0ms)
			DisableScriptedObjects (0ms)
			BackupInstance (0ms)
			ReleaseScriptingObjects (0ms)
			CreateAndSetChildDomain (1ms)
		EndReloadAssembly (756ms)
			LoadAssemblies (273ms)
			RebuildTransferFunctionScriptingTraits (0ms)
			SetupTypeCache (202ms)
			ReleaseScriptCaches (0ms)
			RebuildScriptCaches (45ms)
			SetupLoadedEditorAssemblies (428ms)
				LogAssemblyErrors (0ms)
				InitializePlatformSupportModulesInManaged (11ms)
				SetLoadedEditorAssemblies (0ms)
				RefreshPlugins (131ms)
				BeforeProcessingInitializeOnLoad (2ms)
				ProcessInitializeOnLoadAttributes (215ms)
				ProcessInitializeOnLoadMethodAttributes (68ms)
				AfterProcessingInitializeOnLoad (0ms)
				EditorAssembliesLoaded (0ms)
			ExecutionOrderSort2 (0ms)
			AwakeInstancesAfterBackupRestoration (0ms)
Platform modules already initialized, skipping
Registering precompiled user dll's ...
Registered in 0.007545 seconds.
Begin MonoManager ReloadAssembly
Symbol file LoadedFromMemory doesn't match image C:\Users\asbolge\Desktop\UnityProjeler\Labirent\Library\PackageCache\com.unity.visualscripting@1.7.8\Editor\VisualScripting.Core\Dependencies\YamlDotNet\Unity.VisualScripting.YamlDotNet.dll
Symbol file LoadedFromMemory doesn't match image C:\Users\asbolge\Desktop\UnityProjeler\Labirent\Library\PackageCache\com.unity.visualscripting@1.7.8\Editor\VisualScripting.Core\Dependencies\DotNetZip\Unity.VisualScripting.IonicZip.dll
Native extension for WindowsStandalone target not found
Native extension for WebGL target not found
Refreshing native plugins compatible for Editor in 1.01 ms, found 3 plugins.
Preloading 0 native plugins for Editor in 0.00 ms.
Mono: successfully reloaded assembly
- Completed reload, in  1.767 seconds
Domain Reload Profiling:
	ReloadAssembly (1768ms)
		BeginReloadAssembly (236ms)
			ExecutionOrderSort (0ms)
			DisableScriptedObjects (10ms)
			BackupInstance (0ms)
			ReleaseScriptingObjects (0ms)
			CreateAndSetChildDomain (41ms)
		EndReloadAssembly (1275ms)
			LoadAssemblies (174ms)
			RebuildTransferFunctionScriptingTraits (0ms)
			SetupTypeCache (447ms)
			ReleaseScriptCaches (1ms)
			RebuildScriptCaches (84ms)
			SetupLoadedEditorAssemblies (565ms)
				LogAssemblyErrors (0ms)
				InitializePlatformSupportModulesInManaged (12ms)
				SetLoadedEditorAssemblies (1ms)
				RefreshPlugins (1ms)
				BeforeProcessingInitializeOnLoad (127ms)
				ProcessInitializeOnLoadAttributes (370ms)
				ProcessInitializeOnLoadMethodAttributes (43ms)
				AfterProcessingInitializeOnLoad (11ms)
				EditorAssembliesLoaded (0ms)
			ExecutionOrderSort2 (0ms)
			AwakeInstancesAfterBackupRestoration (8ms)
Platform modules already initialized, skipping
========================================================================
Worker process is ready to serve import requests
Launched and connected shader compiler UnityShaderCompiler.exe after 0.06 seconds
Refreshing native plugins compatible for Editor in 0.72 ms, found 3 plugins.
Preloading 0 native plugins for Editor in 0.00 ms.
Unloading 3361 Unused Serialized files (Serialized files now loaded: 0)
Unloading 27 unused Assets / (113.7 KB). Loaded Objects now: 3818.
Memory consumption went from 115.6 MB to 115.5 MB.
Total: 4.303500 ms (FindLiveObjects: 0.343400 ms CreateObjectMapping: 0.289900 ms MarkObjects: 3.524600 ms  DeleteObjects: 0.144200 ms)

AssetImportParameters requested are different than current active one (requested -> active):
  custom:video-decoder-ogg-theora: a1e56fd34408186e4bbccfd4996cb3dc -> 
  custom:container-muxer-webm: aa71ff27fc2769a1b78a27578f13a17b -> 
  custom:container-demuxer-webm: 4f35f7cbe854078d1ac9338744f61a02 -> 
  custom:video-encoder-webm-vp8: eb34c28f22e8b96e1ab97ce403110664 -> 
  custom:audio-encoder-webm-vorbis: bf7c407c2cedff20999df2af8eb42d56 -> 
  custom:framework-win-MediaFoundation: 216162199b28c13a410421893ffa2e32 -> 
  custom:container-demuxer-ogg: 62fdf1f143b41e24485cea50d1cbac27 -> 
  custom:video-decoder-webm-vp8: 9c59270c3fd7afecdb556c50c9e8de78 -> 
  custom:audio-decoder-ogg-vorbis: bf7c407c2cedff20999df2af8eb42d56 -> 
========================================================================
Received Import Request.
  Time since last request: 139227.995842 seconds.
  path: Assets/Materials/WallTexture.mat
  artifactKey: Guid(e45d355f30111b447af8935ca8820861) Importer(815301076,1909f56bfc062723c751e8b465ee728b)
Start importing Assets/Materials/WallTexture.mat using Guid(e45d355f30111b447af8935ca8820861) Importer(815301076,1909f56bfc062723c751e8b465ee728b)  -> (artifact id: '413c1544361e2f0f535a38c8f49b7362') in 0.245694 seconds 
========================================================================
Received Import Request.
  Time since last request: 402.276196 seconds.
  path: Assets/Materials/_grass_4__grass_textures_seamless_turf_lawn_green_ground_field_texture_5.jpg
  artifactKey: Guid(c893575b76cd3234a9838ec22db66c67) Importer(815301076,1909f56bfc062723c751e8b465ee728b)
Start importing Assets/Materials/_grass_4__grass_textures_seamless_turf_lawn_green_ground_field_texture_5.jpg using Guid(c893575b76cd3234a9838ec22db66c67) Importer(815301076,1909f56bfc062723c751e8b465ee728b)  -> (artifact id: '21bbc04e9cdff34178442831f9130150') in 0.093922 seconds 
========================================================================
Received Import Request.
  Time since last request: 14.461633 seconds.
  path: Assets/Materials/PlaneTexture.mat
  artifactKey: Guid(521d6e8d6e931c3408b45630838fa2b7) Importer(815301076,1909f56bfc062723c751e8b465ee728b)
Start importing Assets/Materials/PlaneTexture.mat using Guid(521d6e8d6e931c3408b45630838fa2b7) Importer(815301076,1909f56bfc062723c751e8b465ee728b)  -> (artifact id: '7e31e1c5bc39d6d359389fe74ca3a7d9') in 0.018947 seconds 
========================================================================
Received Import Request.
  Time since last request: 248.187000 seconds.
  path: Assets/Materials/indir (1).jpeg
  artifactKey: Guid(fcf85cb85dae0c840962b0b25f0f9018) Importer(815301076,1909f56bfc062723c751e8b465ee728b)
Start importing Assets/Materials/indir (1).jpeg using Guid(fcf85cb85dae0c840962b0b25f0f9018) Importer(815301076,1909f56bfc062723c751e8b465ee728b)  -> (artifact id: '541aaaac35b1cb63bae4d57229710f02') in 0.023428 seconds 
========================================================================
Received Import Request.
  Time since last request: 187.403839 seconds.
  path: Assets/Materials/images.jpeg
  artifactKey: Guid(a5e67fc659870c94ba5ab772596b4068) Importer(815301076,1909f56bfc062723c751e8b465ee728b)
Start importing Assets/Materials/images.jpeg using Guid(a5e67fc659870c94ba5ab772596b4068) Importer(815301076,1909f56bfc062723c751e8b465ee728b)  -> (artifact id: '2631c14636b64390238fadb5edbea8c7') in 0.016290 seconds 
========================================================================
Received Import Request.
  Time since last request: 151.756889 seconds.
  path: Assets/Materials/images (1).jpeg
  artifactKey: Guid(e4d40f222813500448d90c954d253881) Importer(815301076,1909f56bfc062723c751e8b465ee728b)
Start importing Assets/Materials/images (1).jpeg using Guid(e4d40f222813500448d90c954d253881) Importer(815301076,1909f56bfc062723c751e8b465ee728b)  -> (artifact id: 'dfb930eac1fccf2a7e221d770bea1c15') in 0.014828 seconds 
========================================================================
Received Import Request.
  Time since last request: 79.520014 seconds.
  path: Assets/Materials/images (2).jpeg
  artifactKey: Guid(cb0896ff1b61b244c9e4b0353c5ab85c) Importer(815301076,1909f56bfc062723c751e8b465ee728b)
Start importing Assets/Materials/images (2).jpeg using Guid(cb0896ff1b61b244c9e4b0353c5ab85c) Importer(815301076,1909f56bfc062723c751e8b465ee728b)  -> (artifact id: '4edd6f9581faf09a73853e6aa74dc2a9') in 0.025723 seconds 
========================================================================
Received Import Request.
  Time since last request: 57.482285 seconds.
  path: Assets/Materials/indir (2).jpeg
  artifactKey: Guid(f9d6edb5ea61afd4e98332ca89bc1e81) Importer(815301076,1909f56bfc062723c751e8b465ee728b)
Start importing Assets/Materials/indir (2).jpeg using Guid(f9d6edb5ea61afd4e98332ca89bc1e81) Importer(815301076,1909f56bfc062723c751e8b465ee728b)  -> (artifact id: 'e4aad0ee7bf7811a7fbd8bcb0b1ad782') in 0.027219 seconds 
========================================================================
Received Import Request.
  Time since last request: 66.348219 seconds.
  path: Assets/Materials/images (3).jpeg
  artifactKey: Guid(3149d57f26abc154ca30e9befbc3e326) Importer(815301076,1909f56bfc062723c751e8b465ee728b)
Start importing Assets/Materials/images (3).jpeg using Guid(3149d57f26abc154ca30e9befbc3e326) Importer(815301076,1909f56bfc062723c751e8b465ee728b)  -> (artifact id: '33e4cf6dd0572ab4922ef73a85232372') in 0.021665 seconds 
========================================================================
Received Import Request.
  Time since last request: 223.704633 seconds.
  path: Assets/Materials/WallTexture.mat
  artifactKey: Guid(e45d355f30111b447af8935ca8820861) Importer(815301076,1909f56bfc062723c751e8b465ee728b)
Start importing Assets/Materials/WallTexture.mat using Guid(e45d355f30111b447af8935ca8820861) Importer(815301076,1909f56bfc062723c751e8b465ee728b)  -> (artifact id: 'b289f09969f244be31c73183eb9ec97d') in 0.023691 seconds 
========================================================================
Received Import Request.
  Time since last request: 210.193452 seconds.
  path: Assets/Materials/indir (3).jpeg
  artifactKey: Guid(f15900994fac6d9418d303cadbc9d0d1) Importer(815301076,1909f56bfc062723c751e8b465ee728b)
Start importing Assets/Materials/indir (3).jpeg using Guid(f15900994fac6d9418d303cadbc9d0d1) Importer(815301076,1909f56bfc062723c751e8b465ee728b)  -> (artifact id: 'd83e159c7a0fe58945c9b5aba096c886') in 0.022253 seconds 
========================================================================
Received Import Request.
  Time since last request: 17.360686 seconds.
  path: Assets/Materials/LabFloorTexture.mat
  artifactKey: Guid(cd8ae6caf452b85438a4c7635f5885dd) Importer(815301076,1909f56bfc062723c751e8b465ee728b)
Start importing Assets/Materials/LabFloorTexture.mat using Guid(cd8ae6caf452b85438a4c7635f5885dd) Importer(815301076,1909f56bfc062723c751e8b465ee728b)  -> (artifact id: 'f3e433332a123dc2335e62d6502bb41c') in 0.015888 seconds 
========================================================================
Received Import Request.
  Time since last request: 306.235044 seconds.
  path: Assets/Materials/images.png
  artifactKey: Guid(63d2123bfefea5e4b9489c5d7d3089dd) Importer(815301076,1909f56bfc062723c751e8b465ee728b)
Start importing Assets/Materials/images.png using Guid(63d2123bfefea5e4b9489c5d7d3089dd) Importer(815301076,1909f56bfc062723c751e8b465ee728b)  -> (artifact id: '3458c9d574c2ab12cd75f75c40f9495e') in 0.058386 seconds 
========================================================================
Received Import Request.
  Time since last request: 10.908068 seconds.
  path: Assets/Materials/BallTexture.mat
  artifactKey: Guid(7f349add21f018849a38994c0e7d4343) Importer(815301076,1909f56bfc062723c751e8b465ee728b)
Start importing Assets/Materials/BallTexture.mat using Guid(7f349add21f018849a38994c0e7d4343) Importer(815301076,1909f56bfc062723c751e8b465ee728b)  -> (artifact id: '54aaef745e274c0ec8128229e90d49a8') in 0.014997 seconds 
========================================================================
Received Import Request.
  Time since last request: 421.666216 seconds.
  path: Assets/Scripts
  artifactKey: Guid(71590f7d80b7eb84ea7a3eea07d26ca1) Importer(815301076,1909f56bfc062723c751e8b465ee728b)
Start importing Assets/Scripts using Guid(71590f7d80b7eb84ea7a3eea07d26ca1) Importer(815301076,1909f56bfc062723c751e8b465ee728b)  -> (artifact id: '217a7a49333a00b74f05fab95dc3c7a5') in 0.012344 seconds 
========================================================================
Received Import Request.
  Time since last request: 8.184107 seconds.
  path: Assets/Script
  artifactKey: Guid(71590f7d80b7eb84ea7a3eea07d26ca1) Importer(815301076,1909f56bfc062723c751e8b465ee728b)
Start importing Assets/Script using Guid(71590f7d80b7eb84ea7a3eea07d26ca1) Importer(815301076,1909f56bfc062723c751e8b465ee728b)  -> (artifact id: 'e6d2c8bbd0cc105e0e8221809efa0688') in 0.006741 seconds 
========================================================================
Received Import Request.
  Time since last request: 18.775130 seconds.
  path: Assets/Script/BallControl.cs
  artifactKey: Guid(fc041bbcf1a254c49ba2cea8d349ea80) Importer(815301076,1909f56bfc062723c751e8b465ee728b)
Start importing Assets/Script/BallControl.cs using Guid(fc041bbcf1a254c49ba2cea8d349ea80) Importer(815301076,1909f56bfc062723c751e8b465ee728b)  -> (artifact id: '32e202163e095b7b91c7ddaaaab75c1d') in 0.023064 seconds 
========================================================================
Received Prepare
Registering precompiled user dll's ...
Registered in 0.009843 seconds.
Begin MonoManager ReloadAssembly
Symbol file LoadedFromMemory doesn't match image C:\Users\asbolge\Desktop\UnityProjeler\Labirent\Library\PackageCache\com.unity.visualscripting@1.7.8\Editor\VisualScripting.Core\Dependencies\YamlDotNet\Unity.VisualScripting.YamlDotNet.dll
Symbol file LoadedFromMemory doesn't match image C:\Users\asbolge\Desktop\UnityProjeler\Labirent\Library\PackageCache\com.unity.visualscripting@1.7.8\Editor\VisualScripting.Core\Dependencies\DotNetZip\Unity.VisualScripting.IonicZip.dll
Native extension for WindowsStandalone target not found
Native extension for WebGL target not found
Refreshing native plugins compatible for Editor in 0.74 ms, found 3 plugins.
Preloading 0 native plugins for Editor in 0.00 ms.
Mono: successfully reloaded assembly
- Completed reload, in  2.007 seconds
Domain Reload Profiling:
	ReloadAssembly (2009ms)
		BeginReloadAssembly (394ms)
			ExecutionOrderSort (0ms)
			DisableScriptedObjects (29ms)
			BackupInstance (0ms)
			ReleaseScriptingObjects (0ms)
			CreateAndSetChildDomain (151ms)
		EndReloadAssembly (1430ms)
			LoadAssemblies (160ms)
			RebuildTransferFunctionScriptingTraits (0ms)
			SetupTypeCache (389ms)
			ReleaseScriptCaches (2ms)
			RebuildScriptCaches (70ms)
			SetupLoadedEditorAssemblies (766ms)
				LogAssemblyErrors (0ms)
				InitializePlatformSupportModulesInManaged (22ms)
				SetLoadedEditorAssemblies (1ms)
				RefreshPlugins (1ms)
				BeforeProcessingInitializeOnLoad (103ms)
				ProcessInitializeOnLoadAttributes (555ms)
				ProcessInitializeOnLoadMethodAttributes (66ms)
				AfterProcessingInitializeOnLoad (18ms)
				EditorAssembliesLoaded (1ms)
			ExecutionOrderSort2 (0ms)
			AwakeInstancesAfterBackupRestoration (19ms)
Platform modules already initialized, skipping
Refreshing native plugins compatible for Editor in 3.19 ms, found 3 plugins.
Preloading 0 native plugins for Editor in 0.00 ms.
Unloading 3357 Unused Serialized files (Serialized files now loaded: 0)
Unloading 20 unused Assets / (80.3 KB). Loaded Objects now: 3866.
Memory consumption went from 120.2 MB to 120.2 MB.
Total: 4.314500 ms (FindLiveObjects: 0.302700 ms CreateObjectMapping: 0.212500 ms MarkObjects: 3.660300 ms  DeleteObjects: 0.137700 ms)

AssetImportParameters requested are different than current active one (requested -> active):
  custom:video-decoder-ogg-theora: a1e56fd34408186e4bbccfd4996cb3dc -> 
  custom:container-muxer-webm: aa71ff27fc2769a1b78a27578f13a17b -> 
  custom:container-demuxer-webm: 4f35f7cbe854078d1ac9338744f61a02 -> 
  custom:video-encoder-webm-vp8: eb34c28f22e8b96e1ab97ce403110664 -> 
  custom:audio-encoder-webm-vorbis: bf7c407c2cedff20999df2af8eb42d56 -> 
  custom:framework-win-MediaFoundation: 216162199b28c13a410421893ffa2e32 -> 
  custom:container-demuxer-ogg: 62fdf1f143b41e24485cea50d1cbac27 -> 
  custom:video-decoder-webm-vp8: 9c59270c3fd7afecdb556c50c9e8de78 -> 
  custom:audio-decoder-ogg-vorbis: bf7c407c2cedff20999df2af8eb42d56 -> 
========================================================================
Received Prepare
Registering precompiled user dll's ...
Registered in 0.007581 seconds.
Begin MonoManager ReloadAssembly
Symbol file LoadedFromMemory doesn't match image C:\Users\asbolge\Desktop\UnityProjeler\Labirent\Library\PackageCache\com.unity.visualscripting@1.7.8\Editor\VisualScripting.Core\Dependencies\YamlDotNet\Unity.VisualScripting.YamlDotNet.dll
Symbol file LoadedFromMemory doesn't match image C:\Users\asbolge\Desktop\UnityProjeler\Labirent\Library\PackageCache\com.unity.visualscripting@1.7.8\Editor\VisualScripting.Core\Dependencies\DotNetZip\Unity.VisualScripting.IonicZip.dll
Native extension for WindowsStandalone target not found
Native extension for WebGL target not found
Refreshing native plugins compatible for Editor in 0.64 ms, found 3 plugins.
Preloading 0 native plugins for Editor in 0.00 ms.
Mono: successfully reloaded assembly
- Completed reload, in  1.568 seconds
Domain Reload Profiling:
	ReloadAssembly (1570ms)
		BeginReloadAssembly (296ms)
			ExecutionOrderSort (0ms)
			DisableScriptedObjects (20ms)
			BackupInstance (0ms)
			ReleaseScriptingObjects (0ms)
			CreateAndSetChildDomain (73ms)
		EndReloadAssembly (1078ms)
			LoadAssemblies (194ms)
			RebuildTransferFunctionScriptingTraits (0ms)
			SetupTypeCache (458ms)
			ReleaseScriptCaches (1ms)
			RebuildScriptCaches (51ms)
			SetupLoadedEditorAssemblies (393ms)
				LogAssemblyErrors (0ms)
				InitializePlatformSupportModulesInManaged (17ms)
				SetLoadedEditorAssemblies (1ms)
				RefreshPlugins (1ms)
				BeforeProcessingInitializeOnLoad (84ms)
				ProcessInitializeOnLoadAttributes (255ms)
				ProcessInitializeOnLoadMethodAttributes (28ms)
				AfterProcessingInitializeOnLoad (8ms)
				EditorAssembliesLoaded (0ms)
			ExecutionOrderSort2 (0ms)
			AwakeInstancesAfterBackupRestoration (8ms)
Platform modules already initialized, skipping
Refreshing native plugins compatible for Editor in 3.70 ms, found 3 plugins.
Preloading 0 native plugins for Editor in 0.00 ms.
Unloading 3357 Unused Serialized files (Serialized files now loaded: 0)
Unloading 20 unused Assets / (80.2 KB). Loaded Objects now: 3869.
Memory consumption went from 120.3 MB to 120.3 MB.
Total: 4.476000 ms (FindLiveObjects: 0.394600 ms CreateObjectMapping: 0.353900 ms MarkObjects: 3.606300 ms  DeleteObjects: 0.119600 ms)

AssetImportParameters requested are different than current active one (requested -> active):
  custom:video-decoder-ogg-theora: a1e56fd34408186e4bbccfd4996cb3dc -> 
  custom:container-muxer-webm: aa71ff27fc2769a1b78a27578f13a17b -> 
  custom:container-demuxer-webm: 4f35f7cbe854078d1ac9338744f61a02 -> 
  custom:video-encoder-webm-vp8: eb34c28f22e8b96e1ab97ce403110664 -> 
  custom:audio-encoder-webm-vorbis: bf7c407c2cedff20999df2af8eb42d56 -> 
  custom:framework-win-MediaFoundation: 216162199b28c13a410421893ffa2e32 -> 
  custom:container-demuxer-ogg: 62fdf1f143b41e24485cea50d1cbac27 -> 
  custom:video-decoder-webm-vp8: 9c59270c3fd7afecdb556c50c9e8de78 -> 
  custom:audio-decoder-ogg-vorbis: bf7c407c2cedff20999df2af8eb42d56 -> 
========================================================================
Received Import Request.
  Time since last request: 373.307128 seconds.
  path: Assets/Script/BallControl.cs
  artifactKey: Guid(fc041bbcf1a254c49ba2cea8d349ea80) Importer(815301076,1909f56bfc062723c751e8b465ee728b)
Start importing Assets/Script/BallControl.cs using Guid(fc041bbcf1a254c49ba2cea8d349ea80) Importer(815301076,1909f56bfc062723c751e8b465ee728b)  -> (artifact id: 'a3288b0a5775aaf7a7c4081b7e8ac184') in 0.010395 seconds 
========================================================================
Received Prepare
Registering precompiled user dll's ...
Registered in 0.013204 seconds.
Begin MonoManager ReloadAssembly
Symbol file LoadedFromMemory doesn't match image C:\Users\asbolge\Desktop\UnityProjeler\Labirent\Library\PackageCache\com.unity.visualscripting@1.7.8\Editor\VisualScripting.Core\Dependencies\YamlDotNet\Unity.VisualScripting.YamlDotNet.dll
Symbol file LoadedFromMemory doesn't match image C:\Users\asbolge\Desktop\UnityProjeler\Labirent\Library\PackageCache\com.unity.visualscripting@1.7.8\Editor\VisualScripting.Core\Dependencies\DotNetZip\Unity.VisualScripting.IonicZip.dll
Native extension for WindowsStandalone target not found
Native extension for WebGL target not found
Refreshing native plugins compatible for Editor in 2.13 ms, found 3 plugins.
Preloading 0 native plugins for Editor in 0.00 ms.
Mono: successfully reloaded assembly
- Completed reload, in  1.935 seconds
Domain Reload Profiling:
	ReloadAssembly (1936ms)
		BeginReloadAssembly (205ms)
			ExecutionOrderSort (0ms)
			DisableScriptedObjects (11ms)
			BackupInstance (0ms)
			ReleaseScriptingObjects (0ms)
			CreateAndSetChildDomain (58ms)
		EndReloadAssembly (1547ms)
			LoadAssemblies (122ms)
			RebuildTransferFunctionScriptingTraits (0ms)
			SetupTypeCache (545ms)
			ReleaseScriptCaches (3ms)
			RebuildScriptCaches (87ms)
			SetupLoadedEditorAssemblies (684ms)
				LogAssemblyErrors (0ms)
				InitializePlatformSupportModulesInManaged (29ms)
				SetLoadedEditorAssemblies (1ms)
				RefreshPlugins (2ms)
				BeforeProcessingInitializeOnLoad (143ms)
				ProcessInitializeOnLoadAttributes (440ms)
				ProcessInitializeOnLoadMethodAttributes (54ms)
				AfterProcessingInitializeOnLoad (13ms)
				EditorAssembliesLoaded (1ms)
			ExecutionOrderSort2 (0ms)
			AwakeInstancesAfterBackupRestoration (13ms)
Platform modules already initialized, skipping
Refreshing native plugins compatible for Editor in 3.87 ms, found 3 plugins.
Preloading 0 native plugins for Editor in 0.00 ms.
Unloading 3357 Unused Serialized files (Serialized files now loaded: 0)
Unloading 20 unused Assets / (80.2 KB). Loaded Objects now: 3872.
Memory consumption went from 120.3 MB to 120.3 MB.
Total: 4.592600 ms (FindLiveObjects: 0.342100 ms CreateObjectMapping: 0.328800 ms MarkObjects: 3.795100 ms  DeleteObjects: 0.125200 ms)

AssetImportParameters requested are different than current active one (requested -> active):
  custom:video-decoder-ogg-theora: a1e56fd34408186e4bbccfd4996cb3dc -> 
  custom:container-muxer-webm: aa71ff27fc2769a1b78a27578f13a17b -> 
  custom:container-demuxer-webm: 4f35f7cbe854078d1ac9338744f61a02 -> 
  custom:video-encoder-webm-vp8: eb34c28f22e8b96e1ab97ce403110664 -> 
  custom:audio-encoder-webm-vorbis: bf7c407c2cedff20999df2af8eb42d56 -> 
  custom:framework-win-MediaFoundation: 216162199b28c13a410421893ffa2e32 -> 
  custom:container-demuxer-ogg: 62fdf1f143b41e24485cea50d1cbac27 -> 
  custom:video-decoder-webm-vp8: 9c59270c3fd7afecdb556c50c9e8de78 -> 
  custom:audio-decoder-ogg-vorbis: bf7c407c2cedff20999df2af8eb42d56 -> 
========================================================================
Received Prepare
Registering precompiled user dll's ...
Registered in 0.016816 seconds.
Begin MonoManager ReloadAssembly
Symbol file LoadedFromMemory doesn't match image C:\Users\asbolge\Desktop\UnityProjeler\Labirent\Library\PackageCache\com.unity.visualscripting@1.7.8\Editor\VisualScripting.Core\Dependencies\YamlDotNet\Unity.VisualScripting.YamlDotNet.dll
Symbol file LoadedFromMemory doesn't match image C:\Users\asbolge\Desktop\UnityProjeler\Labirent\Library\PackageCache\com.unity.visualscripting@1.7.8\Editor\VisualScripting.Core\Dependencies\DotNetZip\Unity.VisualScripting.IonicZip.dll
Native extension for WindowsStandalone target not found
Native extension for WebGL target not found
Refreshing native plugins compatible for Editor in 0.83 ms, found 3 plugins.
Preloading 0 native plugins for Editor in 0.00 ms.
Mono: successfully reloaded assembly
- Completed reload, in  1.854 seconds
Domain Reload Profiling:
	ReloadAssembly (1856ms)
		BeginReloadAssembly (194ms)
			ExecutionOrderSort (0ms)
			DisableScriptedObjects (8ms)
			BackupInstance (0ms)
			ReleaseScriptingObjects (0ms)
			CreateAndSetChildDomain (45ms)
		EndReloadAssembly (1488ms)
			LoadAssemblies (128ms)
			RebuildTransferFunctionScriptingTraits (0ms)
			SetupTypeCache (533ms)
			ReleaseScriptCaches (2ms)
			RebuildScriptCaches (86ms)
			SetupLoadedEditorAssemblies (625ms)
				LogAssemblyErrors (0ms)
				InitializePlatformSupportModulesInManaged (24ms)
				SetLoadedEditorAssemblies (1ms)
				RefreshPlugins (1ms)
				BeforeProcessingInitializeOnLoad (129ms)
				ProcessInitializeOnLoadAttributes (402ms)
				ProcessInitializeOnLoadMethodAttributes (52ms)
				AfterProcessingInitializeOnLoad (16ms)
				EditorAssembliesLoaded (0ms)
			ExecutionOrderSort2 (0ms)
			AwakeInstancesAfterBackupRestoration (15ms)
Platform modules already initialized, skipping
Refreshing native plugins compatible for Editor in 3.60 ms, found 3 plugins.
Preloading 0 native plugins for Editor in 0.00 ms.
Unloading 3357 Unused Serialized files (Serialized files now loaded: 0)
Unloading 20 unused Assets / (80.3 KB). Loaded Objects now: 3875.
Memory consumption went from 120.3 MB to 120.2 MB.
Total: 5.787000 ms (FindLiveObjects: 0.377800 ms CreateObjectMapping: 0.270000 ms MarkObjects: 4.945000 ms  DeleteObjects: 0.192000 ms)

AssetImportParameters requested are different than current active one (requested -> active):
  custom:video-decoder-ogg-theora: a1e56fd34408186e4bbccfd4996cb3dc -> 
  custom:container-muxer-webm: aa71ff27fc2769a1b78a27578f13a17b -> 
  custom:container-demuxer-webm: 4f35f7cbe854078d1ac9338744f61a02 -> 
  custom:video-encoder-webm-vp8: eb34c28f22e8b96e1ab97ce403110664 -> 
  custom:audio-encoder-webm-vorbis: bf7c407c2cedff20999df2af8eb42d56 -> 
  custom:framework-win-MediaFoundation: 216162199b28c13a410421893ffa2e32 -> 
  custom:container-demuxer-ogg: 62fdf1f143b41e24485cea50d1cbac27 -> 
  custom:video-decoder-webm-vp8: 9c59270c3fd7afecdb556c50c9e8de78 -> 
  custom:audio-decoder-ogg-vorbis: bf7c407c2cedff20999df2af8eb42d56 -> 
========================================================================
Received Prepare
Registering precompiled user dll's ...
Registered in 0.009653 seconds.
Begin MonoManager ReloadAssembly
Symbol file LoadedFromMemory doesn't match image C:\Users\asbolge\Desktop\UnityProjeler\Labirent\Library\PackageCache\com.unity.visualscripting@1.7.8\Editor\VisualScripting.Core\Dependencies\YamlDotNet\Unity.VisualScripting.YamlDotNet.dll
Symbol file LoadedFromMemory doesn't match image C:\Users\asbolge\Desktop\UnityProjeler\Labirent\Library\PackageCache\com.unity.visualscripting@1.7.8\Editor\VisualScripting.Core\Dependencies\DotNetZip\Unity.VisualScripting.IonicZip.dll
Native extension for WindowsStandalone target not found
Native extension for WebGL target not found
Refreshing native plugins compatible for Editor in 0.67 ms, found 3 plugins.
Preloading 0 native plugins for Editor in 0.00 ms.
Mono: successfully reloaded assembly
- Completed reload, in  1.653 seconds
Domain Reload Profiling:
	ReloadAssembly (1654ms)
		BeginReloadAssembly (207ms)
			ExecutionOrderSort (0ms)
			DisableScriptedObjects (9ms)
			BackupInstance (0ms)
			ReleaseScriptingObjects (0ms)
			CreateAndSetChildDomain (56ms)
		EndReloadAssembly (1275ms)
			LoadAssemblies (149ms)
			RebuildTransferFunctionScriptingTraits (0ms)
			SetupTypeCache (482ms)
			ReleaseScriptCaches (1ms)
			RebuildScriptCaches (54ms)
			SetupLoadedEditorAssemblies (533ms)
				LogAssemblyErrors (0ms)
				InitializePlatformSupportModulesInManaged (21ms)
				SetLoadedEditorAssemblies (1ms)
				RefreshPlugins (1ms)
				BeforeProcessingInitializeOnLoad (84ms)
				ProcessInitializeOnLoadAttributes (357ms)
				ProcessInitializeOnLoadMethodAttributes (53ms)
				AfterProcessingInitializeOnLoad (16ms)
				EditorAssembliesLoaded (0ms)
			ExecutionOrderSort2 (0ms)
			AwakeInstancesAfterBackupRestoration (12ms)
Platform modules already initialized, skipping
Refreshing native plugins compatible for Editor in 2.82 ms, found 3 plugins.
Preloading 0 native plugins for Editor in 0.00 ms.
Unloading 3357 Unused Serialized files (Serialized files now loaded: 0)
Unloading 20 unused Assets / (80.2 KB). Loaded Objects now: 3878.
Memory consumption went from 120.3 MB to 120.2 MB.
Total: 8.267000 ms (FindLiveObjects: 0.509100 ms CreateObjectMapping: 0.520500 ms MarkObjects: 7.102400 ms  DeleteObjects: 0.133100 ms)

AssetImportParameters requested are different than current active one (requested -> active):
  custom:video-decoder-ogg-theora: a1e56fd34408186e4bbccfd4996cb3dc -> 
  custom:container-muxer-webm: aa71ff27fc2769a1b78a27578f13a17b -> 
  custom:container-demuxer-webm: 4f35f7cbe854078d1ac9338744f61a02 -> 
  custom:video-encoder-webm-vp8: eb34c28f22e8b96e1ab97ce403110664 -> 
  custom:audio-encoder-webm-vorbis: bf7c407c2cedff20999df2af8eb42d56 -> 
  custom:framework-win-MediaFoundation: 216162199b28c13a410421893ffa2e32 -> 
  custom:container-demuxer-ogg: 62fdf1f143b41e24485cea50d1cbac27 -> 
  custom:video-decoder-webm-vp8: 9c59270c3fd7afecdb556c50c9e8de78 -> 
  custom:audio-decoder-ogg-vorbis: bf7c407c2cedff20999df2af8eb42d56 -> 
========================================================================
Received Prepare
Registering precompiled user dll's ...
Registered in 0.010501 seconds.
Begin MonoManager ReloadAssembly
Symbol file LoadedFromMemory doesn't match image C:\Users\asbolge\Desktop\UnityProjeler\Labirent\Library\PackageCache\com.unity.visualscripting@1.7.8\Editor\VisualScripting.Core\Dependencies\YamlDotNet\Unity.VisualScripting.YamlDotNet.dll
Symbol file LoadedFromMemory doesn't match image C:\Users\asbolge\Desktop\UnityProjeler\Labirent\Library\PackageCache\com.unity.visualscripting@1.7.8\Editor\VisualScripting.Core\Dependencies\DotNetZip\Unity.VisualScripting.IonicZip.dll
Native extension for WindowsStandalone target not found
Native extension for WebGL target not found
Refreshing native plugins compatible for Editor in 0.80 ms, found 3 plugins.
Preloading 0 native plugins for Editor in 0.00 ms.
Mono: successfully reloaded assembly
- Completed reload, in  1.924 seconds
Domain Reload Profiling:
	ReloadAssembly (1925ms)
		BeginReloadAssembly (193ms)
			ExecutionOrderSort (0ms)
			DisableScriptedObjects (8ms)
			BackupInstance (0ms)
			ReleaseScriptingObjects (0ms)
			CreateAndSetChildDomain (50ms)
		EndReloadAssembly (1554ms)
			LoadAssemblies (119ms)
			RebuildTransferFunctionScriptingTraits (0ms)
			SetupTypeCache (647ms)
			ReleaseScriptCaches (2ms)
			RebuildScriptCaches (81ms)
			SetupLoadedEditorAssemblies (603ms)
				LogAssemblyErrors (0ms)
				InitializePlatformSupportModulesInManaged (24ms)
				SetLoadedEditorAssemblies (1ms)
				RefreshPlugins (1ms)
				BeforeProcessingInitializeOnLoad (121ms)
				ProcessInitializeOnLoadAttributes (398ms)
				ProcessInitializeOnLoadMethodAttributes (46ms)
				AfterProcessingInitializeOnLoad (13ms)
				EditorAssembliesLoaded (0ms)
			ExecutionOrderSort2 (0ms)
			AwakeInstancesAfterBackupRestoration (13ms)
Platform modules already initialized, skipping
Refreshing native plugins compatible for Editor in 3.33 ms, found 3 plugins.
Preloading 0 native plugins for Editor in 0.00 ms.
Unloading 3357 Unused Serialized files (Serialized files now loaded: 0)
Unloading 20 unused Assets / (80.2 KB). Loaded Objects now: 3881.
Memory consumption went from 120.3 MB to 120.2 MB.
Total: 5.189600 ms (FindLiveObjects: 0.457300 ms CreateObjectMapping: 0.540700 ms MarkObjects: 4.063700 ms  DeleteObjects: 0.126200 ms)

AssetImportParameters requested are different than current active one (requested -> active):
  custom:video-decoder-ogg-theora: a1e56fd34408186e4bbccfd4996cb3dc -> 
  custom:container-muxer-webm: aa71ff27fc2769a1b78a27578f13a17b -> 
  custom:container-demuxer-webm: 4f35f7cbe854078d1ac9338744f61a02 -> 
  custom:video-encoder-webm-vp8: eb34c28f22e8b96e1ab97ce403110664 -> 
  custom:audio-encoder-webm-vorbis: bf7c407c2cedff20999df2af8eb42d56 -> 
  custom:framework-win-MediaFoundation: 216162199b28c13a410421893ffa2e32 -> 
  custom:container-demuxer-ogg: 62fdf1f143b41e24485cea50d1cbac27 -> 
  custom:video-decoder-webm-vp8: 9c59270c3fd7afecdb556c50c9e8de78 -> 
  custom:audio-decoder-ogg-vorbis: bf7c407c2cedff20999df2af8eb42d56 -> 
========================================================================
Received Prepare
Registering precompiled user dll's ...
Registered in 0.008505 seconds.
Begin MonoManager ReloadAssembly
Symbol file LoadedFromMemory doesn't match image C:\Users\asbolge\Desktop\UnityProjeler\Labirent\Library\PackageCache\com.unity.visualscripting@1.7.8\Editor\VisualScripting.Core\Dependencies\YamlDotNet\Unity.VisualScripting.YamlDotNet.dll
Symbol file LoadedFromMemory doesn't match image C:\Users\asbolge\Desktop\UnityProjeler\Labirent\Library\PackageCache\com.unity.visualscripting@1.7.8\Editor\VisualScripting.Core\Dependencies\DotNetZip\Unity.VisualScripting.IonicZip.dll
Native extension for WindowsStandalone target not found
Native extension for WebGL target not found
Refreshing native plugins compatible for Editor in 0.67 ms, found 3 plugins.
Preloading 0 native plugins for Editor in 0.00 ms.
Mono: successfully reloaded assembly
- Completed reload, in  1.539 seconds
Domain Reload Profiling:
	ReloadAssembly (1539ms)
		BeginReloadAssembly (219ms)
			ExecutionOrderSort (0ms)
			DisableScriptedObjects (9ms)
			BackupInstance (0ms)
			ReleaseScriptingObjects (0ms)
			CreateAndSetChildDomain (58ms)
		EndReloadAssembly (1126ms)
			LoadAssemblies (149ms)
			RebuildTransferFunctionScriptingTraits (0ms)
			SetupTypeCache (458ms)
			ReleaseScriptCaches (1ms)
			RebuildScriptCaches (51ms)
			SetupLoadedEditorAssemblies (434ms)
				LogAssemblyErrors (0ms)
				InitializePlatformSupportModulesInManaged (17ms)
				SetLoadedEditorAssemblies (1ms)
				RefreshPlugins (1ms)
				BeforeProcessingInitializeOnLoad (85ms)
				ProcessInitializeOnLoadAttributes (278ms)
				ProcessInitializeOnLoadMethodAttributes (40ms)
				AfterProcessingInitializeOnLoad (13ms)
				EditorAssembliesLoaded (0ms)
			ExecutionOrderSort2 (0ms)
			AwakeInstancesAfterBackupRestoration (10ms)
Platform modules already initialized, skipping
Refreshing native plugins compatible for Editor in 3.58 ms, found 3 plugins.
Preloading 0 native plugins for Editor in 0.00 ms.
Unloading 3357 Unused Serialized files (Serialized files now loaded: 0)
Unloading 20 unused Assets / (80.1 KB). Loaded Objects now: 3884.
Memory consumption went from 120.3 MB to 120.2 MB.
Total: 6.526200 ms (FindLiveObjects: 0.739900 ms CreateObjectMapping: 0.429200 ms MarkObjects: 5.194600 ms  DeleteObjects: 0.160500 ms)

AssetImportParameters requested are different than current active one (requested -> active):
  custom:video-decoder-ogg-theora: a1e56fd34408186e4bbccfd4996cb3dc -> 
  custom:container-muxer-webm: aa71ff27fc2769a1b78a27578f13a17b -> 
  custom:container-demuxer-webm: 4f35f7cbe854078d1ac9338744f61a02 -> 
  custom:video-encoder-webm-vp8: eb34c28f22e8b96e1ab97ce403110664 -> 
  custom:audio-encoder-webm-vorbis: bf7c407c2cedff20999df2af8eb42d56 -> 
  custom:framework-win-MediaFoundation: 216162199b28c13a410421893ffa2e32 -> 
  custom:container-demuxer-ogg: 62fdf1f143b41e24485cea50d1cbac27 -> 
  custom:video-decoder-webm-vp8: 9c59270c3fd7afecdb556c50c9e8de78 -> 
  custom:audio-decoder-ogg-vorbis: bf7c407c2cedff20999df2af8eb42d56 -> 
========================================================================
Received Prepare
Registering precompiled user dll's ...
Registered in 0.007390 seconds.
Begin MonoManager ReloadAssembly
Symbol file LoadedFromMemory doesn't match image C:\Users\asbolge\Desktop\UnityProjeler\Labirent\Library\PackageCache\com.unity.visualscripting@1.7.8\Editor\VisualScripting.Core\Dependencies\YamlDotNet\Unity.VisualScripting.YamlDotNet.dll
Symbol file LoadedFromMemory doesn't match image C:\Users\asbolge\Desktop\UnityProjeler\Labirent\Library\PackageCache\com.unity.visualscripting@1.7.8\Editor\VisualScripting.Core\Dependencies\DotNetZip\Unity.VisualScripting.IonicZip.dll
Native extension for WindowsStandalone target not found
Native extension for WebGL target not found
Refreshing native plugins compatible for Editor in 0.84 ms, found 3 plugins.
Preloading 0 native plugins for Editor in 0.00 ms.
Mono: successfully reloaded assembly
- Completed reload, in  1.956 seconds
Domain Reload Profiling:
	ReloadAssembly (1957ms)
		BeginReloadAssembly (211ms)
			ExecutionOrderSort (0ms)
			DisableScriptedObjects (14ms)
			BackupInstance (0ms)
			ReleaseScriptingObjects (0ms)
			CreateAndSetChildDomain (48ms)
		EndReloadAssembly (1584ms)
			LoadAssemblies (130ms)
			RebuildTransferFunctionScriptingTraits (0ms)
			SetupTypeCache (611ms)
			ReleaseScriptCaches (3ms)
			RebuildScriptCaches (93ms)
			SetupLoadedEditorAssemblies (653ms)
				LogAssemblyErrors (0ms)
				InitializePlatformSupportModulesInManaged (26ms)
				SetLoadedEditorAssemblies (1ms)
				RefreshPlugins (1ms)
				BeforeProcessingInitializeOnLoad (129ms)
				ProcessInitializeOnLoadAttributes (434ms)
				ProcessInitializeOnLoadMethodAttributes (49ms)
				AfterProcessingInitializeOnLoad (12ms)
				EditorAssembliesLoaded (0ms)
			ExecutionOrderSort2 (0ms)
			AwakeInstancesAfterBackupRestoration (13ms)
Platform modules already initialized, skipping
Refreshing native plugins compatible for Editor in 3.36 ms, found 3 plugins.
Preloading 0 native plugins for Editor in 0.00 ms.
Unloading 3357 Unused Serialized files (Serialized files now loaded: 0)
Unloading 20 unused Assets / (80.3 KB). Loaded Objects now: 3887.
Memory consumption went from 120.3 MB to 120.2 MB.
Total: 5.275700 ms (FindLiveObjects: 0.345300 ms CreateObjectMapping: 0.237700 ms MarkObjects: 4.564700 ms  DeleteObjects: 0.126000 ms)

AssetImportParameters requested are different than current active one (requested -> active):
  custom:video-decoder-ogg-theora: a1e56fd34408186e4bbccfd4996cb3dc -> 
  custom:container-muxer-webm: aa71ff27fc2769a1b78a27578f13a17b -> 
  custom:container-demuxer-webm: 4f35f7cbe854078d1ac9338744f61a02 -> 
  custom:video-encoder-webm-vp8: eb34c28f22e8b96e1ab97ce403110664 -> 
  custom:audio-encoder-webm-vorbis: bf7c407c2cedff20999df2af8eb42d56 -> 
  custom:framework-win-MediaFoundation: 216162199b28c13a410421893ffa2e32 -> 
  custom:container-demuxer-ogg: 62fdf1f143b41e24485cea50d1cbac27 -> 
  custom:video-decoder-webm-vp8: 9c59270c3fd7afecdb556c50c9e8de78 -> 
  custom:audio-decoder-ogg-vorbis: bf7c407c2cedff20999df2af8eb42d56 -> 
========================================================================
Received Import Request.
  Time since last request: 1466.639676 seconds.
  path: Assets/Materials/FinishMaterial.mat
  artifactKey: Guid(931604c60c2c06742b694d8d1e1d40d5) Importer(815301076,1909f56bfc062723c751e8b465ee728b)
Start importing Assets/Materials/FinishMaterial.mat using Guid(931604c60c2c06742b694d8d1e1d40d5) Importer(815301076,1909f56bfc062723c751e8b465ee728b)  -> (artifact id: '4d885852314be06f41f8e38ae0f9c2c8') in 0.090396 seconds 
========================================================================
Received Prepare
Registering precompiled user dll's ...
Registered in 0.007037 seconds.
Begin MonoManager ReloadAssembly
Symbol file LoadedFromMemory doesn't match image C:\Users\asbolge\Desktop\UnityProjeler\Labirent\Library\PackageCache\com.unity.visualscripting@1.7.8\Editor\VisualScripting.Core\Dependencies\YamlDotNet\Unity.VisualScripting.YamlDotNet.dll
Symbol file LoadedFromMemory doesn't match image C:\Users\asbolge\Desktop\UnityProjeler\Labirent\Library\PackageCache\com.unity.visualscripting@1.7.8\Editor\VisualScripting.Core\Dependencies\DotNetZip\Unity.VisualScripting.IonicZip.dll
Native extension for WindowsStandalone target not found
Native extension for WebGL target not found
Refreshing native plugins compatible for Editor in 0.68 ms, found 3 plugins.
Preloading 0 native plugins for Editor in 0.00 ms.
Mono: successfully reloaded assembly
- Completed reload, in  1.632 seconds
Domain Reload Profiling:
	ReloadAssembly (1633ms)
		BeginReloadAssembly (191ms)
			ExecutionOrderSort (0ms)
			DisableScriptedObjects (7ms)
			BackupInstance (0ms)
			ReleaseScriptingObjects (0ms)
			CreateAndSetChildDomain (48ms)
		EndReloadAssembly (1249ms)
			LoadAssemblies (161ms)
			RebuildTransferFunctionScriptingTraits (0ms)
			SetupTypeCache (528ms)
			ReleaseScriptCaches (2ms)
			RebuildScriptCaches (60ms)
			SetupLoadedEditorAssemblies (437ms)
				LogAssemblyErrors (0ms)
				InitializePlatformSupportModulesInManaged (22ms)
				SetLoadedEditorAssemblies (1ms)
				RefreshPlugins (1ms)
				BeforeProcessingInitializeOnLoad (105ms)
				ProcessInitializeOnLoadAttributes (272ms)
				ProcessInitializeOnLoadMethodAttributes (28ms)
				AfterProcessingInitializeOnLoad (8ms)
				EditorAssembliesLoaded (0ms)
			ExecutionOrderSort2 (0ms)
			AwakeInstancesAfterBackupRestoration (7ms)
Platform modules already initialized, skipping
Refreshing native plugins compatible for Editor in 3.54 ms, found 3 plugins.
Preloading 0 native plugins for Editor in 0.00 ms.
Unloading 3357 Unused Serialized files (Serialized files now loaded: 0)
Unloading 20 unused Assets / (80.2 KB). Loaded Objects now: 3890.
Memory consumption went from 120.3 MB to 120.2 MB.
Total: 4.300500 ms (FindLiveObjects: 0.342600 ms CreateObjectMapping: 0.274500 ms MarkObjects: 3.550500 ms  DeleteObjects: 0.131200 ms)

AssetImportParameters requested are different than current active one (requested -> active):
  custom:video-decoder-ogg-theora: a1e56fd34408186e4bbccfd4996cb3dc -> 
  custom:container-muxer-webm: aa71ff27fc2769a1b78a27578f13a17b -> 
  custom:container-demuxer-webm: 4f35f7cbe854078d1ac9338744f61a02 -> 
  custom:video-encoder-webm-vp8: eb34c28f22e8b96e1ab97ce403110664 -> 
  custom:audio-encoder-webm-vorbis: bf7c407c2cedff20999df2af8eb42d56 -> 
  custom:framework-win-MediaFoundation: 216162199b28c13a410421893ffa2e32 -> 
  custom:container-demuxer-ogg: 62fdf1f143b41e24485cea50d1cbac27 -> 
  custom:video-decoder-webm-vp8: 9c59270c3fd7afecdb556c50c9e8de78 -> 
  custom:audio-decoder-ogg-vorbis: bf7c407c2cedff20999df2af8eb42d56 -> 
========================================================================
Received Prepare
Registering precompiled user dll's ...
Registered in 0.010173 seconds.
Begin MonoManager ReloadAssembly
Symbol file LoadedFromMemory doesn't match image C:\Users\asbolge\Desktop\UnityProjeler\Labirent\Library\PackageCache\com.unity.visualscripting@1.7.8\Editor\VisualScripting.Core\Dependencies\YamlDotNet\Unity.VisualScripting.YamlDotNet.dll
Symbol file LoadedFromMemory doesn't match image C:\Users\asbolge\Desktop\UnityProjeler\Labirent\Library\PackageCache\com.unity.visualscripting@1.7.8\Editor\VisualScripting.Core\Dependencies\DotNetZip\Unity.VisualScripting.IonicZip.dll
Native extension for WindowsStandalone target not found
Native extension for WebGL target not found
Refreshing native plugins compatible for Editor in 1.03 ms, found 3 plugins.
Preloading 0 native plugins for Editor in 0.00 ms.
Mono: successfully reloaded assembly
- Completed reload, in  2.005 seconds
Domain Reload Profiling:
	ReloadAssembly (2007ms)
		BeginReloadAssembly (178ms)
			ExecutionOrderSort (0ms)
			DisableScriptedObjects (8ms)
			BackupInstance (0ms)
			ReleaseScriptingObjects (0ms)
			CreateAndSetChildDomain (44ms)
		EndReloadAssembly (1651ms)
			LoadAssemblies (122ms)
			RebuildTransferFunctionScriptingTraits (0ms)
			SetupTypeCache (539ms)
			ReleaseScriptCaches (2ms)
			RebuildScriptCaches (98ms)
			SetupLoadedEditorAssemblies (725ms)
				LogAssemblyErrors (0ms)
				InitializePlatformSupportModulesInManaged (38ms)
				SetLoadedEditorAssemblies (1ms)
				RefreshPlugins (1ms)
				BeforeProcessingInitializeOnLoad (180ms)
				ProcessInitializeOnLoadAttributes (439ms)
				ProcessInitializeOnLoadMethodAttributes (52ms)
				AfterProcessingInitializeOnLoad (13ms)
				EditorAssembliesLoaded (0ms)
			ExecutionOrderSort2 (0ms)
			AwakeInstancesAfterBackupRestoration (12ms)
Platform modules already initialized, skipping
Refreshing native plugins compatible for Editor in 4.12 ms, found 3 plugins.
Preloading 0 native plugins for Editor in 0.00 ms.
Unloading 3357 Unused Serialized files (Serialized files now loaded: 0)
Unloading 20 unused Assets / (80.1 KB). Loaded Objects now: 3893.
Memory consumption went from 120.3 MB to 120.2 MB.
Total: 6.282900 ms (FindLiveObjects: 0.395400 ms CreateObjectMapping: 0.277900 ms MarkObjects: 5.337700 ms  DeleteObjects: 0.269900 ms)

AssetImportParameters requested are different than current active one (requested -> active):
  custom:video-decoder-ogg-theora: a1e56fd34408186e4bbccfd4996cb3dc -> 
  custom:container-muxer-webm: aa71ff27fc2769a1b78a27578f13a17b -> 
  custom:container-demuxer-webm: 4f35f7cbe854078d1ac9338744f61a02 -> 
  custom:video-encoder-webm-vp8: eb34c28f22e8b96e1ab97ce403110664 -> 
  custom:audio-encoder-webm-vorbis: bf7c407c2cedff20999df2af8eb42d56 -> 
  custom:framework-win-MediaFoundation: 216162199b28c13a410421893ffa2e32 -> 
  custom:container-demuxer-ogg: 62fdf1f143b41e24485cea50d1cbac27 -> 
  custom:video-decoder-webm-vp8: 9c59270c3fd7afecdb556c50c9e8de78 -> 
  custom:audio-decoder-ogg-vorbis: bf7c407c2cedff20999df2af8eb42d56 -> 
========================================================================
Received Import Request.
  Time since last request: 402.258847 seconds.
  path: Assets/Scenes
  artifactKey: Guid(6ea315d0fd7389c41b19996891e99ae3) Importer(815301076,1909f56bfc062723c751e8b465ee728b)
Start importing Assets/Scenes using Guid(6ea315d0fd7389c41b19996891e99ae3) Importer(815301076,1909f56bfc062723c751e8b465ee728b)  -> (artifact id: 'b8193726cff86800c54781cdc6d54904') in 0.011198 seconds 
========================================================================
Received Import Request.
  Time since last request: 1.207788 seconds.
  path: Assets/Scenes/SampleScene.unity
  artifactKey: Guid(9fc0d4010bbf28b4594072e72b8655ab) Importer(815301076,1909f56bfc062723c751e8b465ee728b)
Start importing Assets/Scenes/SampleScene.unity using Guid(9fc0d4010bbf28b4594072e72b8655ab) Importer(815301076,1909f56bfc062723c751e8b465ee728b)  -> (artifact id: '55c2a036365c231d3e151a4c42104122') in 0.007973 seconds 
========================================================================
Received Import Request.
  Time since last request: 42.343279 seconds.
  path: Assets/Scenes/oyun.unity
  artifactKey: Guid(dd01dfc83f0e3c94f949b5903a486f64) Importer(815301076,1909f56bfc062723c751e8b465ee728b)
Start importing Assets/Scenes/oyun.unity using Guid(dd01dfc83f0e3c94f949b5903a486f64) Importer(815301076,1909f56bfc062723c751e8b465ee728b)  -> (artifact id: '15a860cfdb0e54b3ee046e1fe2be7070') in 0.008159 seconds 
========================================================================
Received Import Request.
  Time since last request: 548.754573 seconds.
  path: Assets/Materials/ixel-heart-icon-pixel-heart-icon-115636416099zqmcxy2rr.png
  artifactKey: Guid(0791b4b9a086c28449b10a1125e53fd9) Importer(815301076,1909f56bfc062723c751e8b465ee728b)
Start importing Assets/Materials/ixel-heart-icon-pixel-heart-icon-115636416099zqmcxy2rr.png using Guid(0791b4b9a086c28449b10a1125e53fd9) Importer(815301076,1909f56bfc062723c751e8b465ee728b)  -> (artifact id: '65bd3ca6c91652dcf5dcfb7081a5566c') in 0.041288 seconds 
========================================================================
Received Import Request.
  Time since last request: 34.361405 seconds.
  path: Assets/Image
  artifactKey: Guid(c35c40c9b125e834c9b775672ad9a23f) Importer(815301076,1909f56bfc062723c751e8b465ee728b)
Start importing Assets/Image using Guid(c35c40c9b125e834c9b775672ad9a23f) Importer(815301076,1909f56bfc062723c751e8b465ee728b)  -> (artifact id: 'd083777ed02a6c248468970a0719adf4') in 0.007635 seconds 
========================================================================
Received Import Request.
  Time since last request: 45.915976 seconds.
  path: Assets/Image/ixel-heart-icon-pixel-heart-icon-115636416099zqmcxy2rr.png
  artifactKey: Guid(0791b4b9a086c28449b10a1125e53fd9) Importer(815301076,1909f56bfc062723c751e8b465ee728b)
Start importing Assets/Image/ixel-heart-icon-pixel-heart-icon-115636416099zqmcxy2rr.png using Guid(0791b4b9a086c28449b10a1125e53fd9) Importer(815301076,1909f56bfc062723c751e8b465ee728b)  -> (artifact id: 'fe48b3dc80ce37e934d89df8e696d8af') in 0.039148 seconds 
========================================================================
Received Import Request.
  Time since last request: 14.862879 seconds.
  path: Assets/Image/ixel-heart-icon-pixel-heart-icon-115636416099zqmcxy2rr.png
  artifactKey: Guid(0791b4b9a086c28449b10a1125e53fd9) Importer(815301076,1909f56bfc062723c751e8b465ee728b)
Start importing Assets/Image/ixel-heart-icon-pixel-heart-icon-115636416099zqmcxy2rr.png using Guid(0791b4b9a086c28449b10a1125e53fd9) Importer(815301076,1909f56bfc062723c751e8b465ee728b)  -> (artifact id: 'e31f2929739ab224941f646325d3309b') in 0.117313 seconds 
========================================================================
Received Import Request.
  Time since last request: 41.433353 seconds.
  path: Assets/Image/png-transparent-computer-icons-heart-game-fun-difficulties-love-heart-red.png
  artifactKey: Guid(c3008922202a03e4886c80d24d2311e7) Importer(815301076,1909f56bfc062723c751e8b465ee728b)
Start importing Assets/Image/png-transparent-computer-icons-heart-game-fun-difficulties-love-heart-red.png using Guid(c3008922202a03e4886c80d24d2311e7) Importer(815301076,1909f56bfc062723c751e8b465ee728b)  -> (artifact id: '1d4c29f4f6229d4315c74b9b2b8ff405') in 0.021360 seconds 
========================================================================
Received Import Request.
  Time since last request: 33.340529 seconds.
  path: Assets/Image/png-transparent-computer-icons-heart-game-fun-difficulties-love-heart-red.png
  artifactKey: Guid(c3008922202a03e4886c80d24d2311e7) Importer(815301076,1909f56bfc062723c751e8b465ee728b)
Start importing Assets/Image/png-transparent-computer-icons-heart-game-fun-difficulties-love-heart-red.png using Guid(c3008922202a03e4886c80d24d2311e7) Importer(815301076,1909f56bfc062723c751e8b465ee728b)  -> (artifact id: '53a145f4ce695ad929d11d74dda6f254') in 0.019932 seconds 
========================================================================
Received Import Request.
  Time since last request: 6.023538 seconds.
  path: Assets/Image/png-transparent-computer-icons-heart-game-fun-difficulties-love-heart-red.png
  artifactKey: Guid(c3008922202a03e4886c80d24d2311e7) Importer(815301076,1909f56bfc062723c751e8b465ee728b)
Start importing Assets/Image/png-transparent-computer-icons-heart-game-fun-difficulties-love-heart-red.png using Guid(c3008922202a03e4886c80d24d2311e7) Importer(815301076,1909f56bfc062723c751e8b465ee728b)  -> (artifact id: '0d4b364da50ae526de3c1470ceffa61a') in 0.051644 seconds 
========================================================================
Received Import Request.
  Time since last request: 125.174013 seconds.
  path: Assets/Image/ixel-heart-icon-pixel-heart-icon-115636416099zqmcxy2rr.png
  artifactKey: Guid(0791b4b9a086c28449b10a1125e53fd9) Importer(815301076,1909f56bfc062723c751e8b465ee728b)
Start importing Assets/Image/ixel-heart-icon-pixel-heart-icon-115636416099zqmcxy2rr.png using Guid(0791b4b9a086c28449b10a1125e53fd9) Importer(815301076,1909f56bfc062723c751e8b465ee728b)  -> (artifact id: '3f43d1be3e8e61f2ab0118603d802f89') in 0.022090 seconds 
========================================================================
Received Import Request.
  Time since last request: 16.116907 seconds.
  path: Assets/Image/png-transparent-computer-icons-heart-game-fun-difficulties-love-heart-red.png
  artifactKey: Guid(c3008922202a03e4886c80d24d2311e7) Importer(815301076,1909f56bfc062723c751e8b465ee728b)
Start importing Assets/Image/png-transparent-computer-icons-heart-game-fun-difficulties-love-heart-red.png using Guid(c3008922202a03e4886c80d24d2311e7) Importer(815301076,1909f56bfc062723c751e8b465ee728b)  -> (artifact id: '73b6bfeb8569202799b9a9d913ebb62e') in 0.015544 seconds 
========================================================================
Received Import Request.
  Time since last request: 6.956559 seconds.
  path: Assets/Image/png-transparent-computer-icons-heart-game-fun-difficulties-love-heart-red.png
  artifactKey: Guid(c3008922202a03e4886c80d24d2311e7) Importer(815301076,1909f56bfc062723c751e8b465ee728b)
Start importing Assets/Image/png-transparent-computer-icons-heart-game-fun-difficulties-love-heart-red.png using Guid(c3008922202a03e4886c80d24d2311e7) Importer(815301076,1909f56bfc062723c751e8b465ee728b)  -> (artifact id: '79d4e7d43d7bd09ae75ffe5472544da3') in 0.008533 seconds 
========================================================================
Received Import Request.
  Time since last request: 22.698180 seconds.
  path: Assets/Image/ixel-heart-icon-pixel-heart-icon-115636416099zqmcxy2rr.png
  artifactKey: Guid(0791b4b9a086c28449b10a1125e53fd9) Importer(815301076,1909f56bfc062723c751e8b465ee728b)
Start importing Assets/Image/ixel-heart-icon-pixel-heart-icon-115636416099zqmcxy2rr.png using Guid(0791b4b9a086c28449b10a1125e53fd9) Importer(815301076,1909f56bfc062723c751e8b465ee728b)  -> (artifact id: '6db706f41f85fc26ed59a591ce340f19') in 0.065108 seconds 
========================================================================
Received Import Request.
  Time since last request: 71.414998 seconds.
  path: Assets/Image/png-transparent-computer-icons-heart-game-fun-difficulties-love-heart-red.png
  artifactKey: Guid(c3008922202a03e4886c80d24d2311e7) Importer(815301076,1909f56bfc062723c751e8b465ee728b)
Start importing Assets/Image/png-transparent-computer-icons-heart-game-fun-difficulties-love-heart-red.png using Guid(c3008922202a03e4886c80d24d2311e7) Importer(815301076,1909f56bfc062723c751e8b465ee728b)  -> (artifact id: '18fe6c144b2b4805fbd979f0f2d28624') in 0.033918 seconds 
========================================================================
Received Import Request.
  Time since last request: 87.264882 seconds.
  path: Assets/Image/ixel-heart-icon-pixel-heart-icon-115636416099zqmcxy2rr.png
  artifactKey: Guid(0791b4b9a086c28449b10a1125e53fd9) Importer(815301076,1909f56bfc062723c751e8b465ee728b)
Start importing Assets/Image/ixel-heart-icon-pixel-heart-icon-115636416099zqmcxy2rr.png using Guid(0791b4b9a086c28449b10a1125e53fd9) Importer(815301076,1909f56bfc062723c751e8b465ee728b)  -> (artifact id: '2931a9553549898e32562613a654dd6d') in 0.016762 seconds 
========================================================================
Received Import Request.
  Time since last request: 3.183296 seconds.
  path: Assets/Image/ixel-heart-icon-pixel-heart-icon-115636416099zqmcxy2rr.png
  artifactKey: Guid(0791b4b9a086c28449b10a1125e53fd9) Importer(815301076,1909f56bfc062723c751e8b465ee728b)
Start importing Assets/Image/ixel-heart-icon-pixel-heart-icon-115636416099zqmcxy2rr.png using Guid(0791b4b9a086c28449b10a1125e53fd9) Importer(815301076,1909f56bfc062723c751e8b465ee728b)  -> (artifact id: '42acf36ffb382d42789f0ac41aae42ef') in 0.089048 seconds 
========================================================================
Received Import Request.
  Time since last request: 133.597733 seconds.
  path: Assets/Image/790482_poker_512x512.png
  artifactKey: Guid(96b5d96ff9f4d8d4ebcb9856391995cc) Importer(815301076,1909f56bfc062723c751e8b465ee728b)
Start importing Assets/Image/790482_poker_512x512.png using Guid(96b5d96ff9f4d8d4ebcb9856391995cc) Importer(815301076,1909f56bfc062723c751e8b465ee728b)  -> (artifact id: 'c5d02254c9e89992f83bfb7d5a1d1c6c') in 0.023193 seconds 
========================================================================
Received Import Request.
  Time since last request: 4.912427 seconds.
  path: Assets/Image/790482_poker_512x512.png
  artifactKey: Guid(96b5d96ff9f4d8d4ebcb9856391995cc) Importer(815301076,1909f56bfc062723c751e8b465ee728b)
Start importing Assets/Image/790482_poker_512x512.png using Guid(96b5d96ff9f4d8d4ebcb9856391995cc) Importer(815301076,1909f56bfc062723c751e8b465ee728b)  -> (artifact id: '1b3d93a7900625e9c820e8bda800e78a') in 0.009144 seconds 
========================================================================
Received Import Request.
  Time since last request: 5.118018 seconds.
  path: Assets/Image/790482_poker_512x512.png
  artifactKey: Guid(96b5d96ff9f4d8d4ebcb9856391995cc) Importer(815301076,1909f56bfc062723c751e8b465ee728b)
Start importing Assets/Image/790482_poker_512x512.png using Guid(96b5d96ff9f4d8d4ebcb9856391995cc) Importer(815301076,1909f56bfc062723c751e8b465ee728b)  -> (artifact id: 'ecbbb9dada338133ef216c8bab90ad28') in 0.009489 seconds 
========================================================================
Received Import Request.
  Time since last request: 7.158573 seconds.
  path: Assets/Image/790482_poker_512x512.png
  artifactKey: Guid(96b5d96ff9f4d8d4ebcb9856391995cc) Importer(815301076,1909f56bfc062723c751e8b465ee728b)
Start importing Assets/Image/790482_poker_512x512.png using Guid(96b5d96ff9f4d8d4ebcb9856391995cc) Importer(815301076,1909f56bfc062723c751e8b465ee728b)  -> (artifact id: 'cd331a38f1a7a666497a82afe05313c6') in 0.020416 seconds 
========================================================================
Received Prepare
Registering precompiled user dll's ...
Registered in 0.013249 seconds.
Begin MonoManager ReloadAssembly
Symbol file LoadedFromMemory doesn't match image C:\Users\asbolge\Desktop\UnityProjeler\Labirent\Library\PackageCache\com.unity.visualscripting@1.7.8\Editor\VisualScripting.Core\Dependencies\YamlDotNet\Unity.VisualScripting.YamlDotNet.dll
Symbol file LoadedFromMemory doesn't match image C:\Users\asbolge\Desktop\UnityProjeler\Labirent\Library\PackageCache\com.unity.visualscripting@1.7.8\Editor\VisualScripting.Core\Dependencies\DotNetZip\Unity.VisualScripting.IonicZip.dll
Native extension for WindowsStandalone target not found
Native extension for WebGL target not found
Refreshing native plugins compatible for Editor in 0.71 ms, found 3 plugins.
Preloading 0 native plugins for Editor in 0.00 ms.
Mono: successfully reloaded assembly
- Completed reload, in  1.529 seconds
Domain Reload Profiling:
	ReloadAssembly (1530ms)
		BeginReloadAssembly (205ms)
			ExecutionOrderSort (0ms)
			DisableScriptedObjects (8ms)
			BackupInstance (0ms)
			ReleaseScriptingObjects (0ms)
			CreateAndSetChildDomain (56ms)
		EndReloadAssembly (1132ms)
			LoadAssemblies (130ms)
			RebuildTransferFunctionScriptingTraits (0ms)
			SetupTypeCache (378ms)
			ReleaseScriptCaches (2ms)
			RebuildScriptCaches (61ms)
			SetupLoadedEditorAssemblies (514ms)
				LogAssemblyErrors (0ms)
				InitializePlatformSupportModulesInManaged (18ms)
				SetLoadedEditorAssemblies (1ms)
				RefreshPlugins (1ms)
				BeforeProcessingInitializeOnLoad (118ms)
				ProcessInitializeOnLoadAttributes (333ms)
				ProcessInitializeOnLoadMethodAttributes (35ms)
				AfterProcessingInitializeOnLoad (9ms)
				EditorAssembliesLoaded (0ms)
			ExecutionOrderSort2 (0ms)
			AwakeInstancesAfterBackupRestoration (8ms)
Platform modules already initialized, skipping
Refreshing native plugins compatible for Editor in 3.53 ms, found 3 plugins.
Preloading 0 native plugins for Editor in 0.00 ms.
Unloading 3357 Unused Serialized files (Serialized files now loaded: 0)
Unloading 20 unused Assets / (80.2 KB). Loaded Objects now: 3906.
Memory consumption went from 120.4 MB to 120.3 MB.
Total: 3.922500 ms (FindLiveObjects: 0.325000 ms CreateObjectMapping: 0.212100 ms MarkObjects: 3.276500 ms  DeleteObjects: 0.107500 ms)

AssetImportParameters requested are different than current active one (requested -> active):
  custom:video-decoder-ogg-theora: a1e56fd34408186e4bbccfd4996cb3dc -> 
  custom:container-muxer-webm: aa71ff27fc2769a1b78a27578f13a17b -> 
  custom:container-demuxer-webm: 4f35f7cbe854078d1ac9338744f61a02 -> 
  custom:video-encoder-webm-vp8: eb34c28f22e8b96e1ab97ce403110664 -> 
  custom:audio-encoder-webm-vorbis: bf7c407c2cedff20999df2af8eb42d56 -> 
  custom:framework-win-MediaFoundation: 216162199b28c13a410421893ffa2e32 -> 
  custom:container-demuxer-ogg: 62fdf1f143b41e24485cea50d1cbac27 -> 
  custom:video-decoder-webm-vp8: 9c59270c3fd7afecdb556c50c9e8de78 -> 
  custom:audio-decoder-ogg-vorbis: bf7c407c2cedff20999df2af8eb42d56 -> 
========================================================================
Received Prepare
Registering precompiled user dll's ...
Registered in 0.007854 seconds.
Begin MonoManager ReloadAssembly
Symbol file LoadedFromMemory doesn't match image C:\Users\asbolge\Desktop\UnityProjeler\Labirent\Library\PackageCache\com.unity.visualscripting@1.7.8\Editor\VisualScripting.Core\Dependencies\YamlDotNet\Unity.VisualScripting.YamlDotNet.dll
Symbol file LoadedFromMemory doesn't match image C:\Users\asbolge\Desktop\UnityProjeler\Labirent\Library\PackageCache\com.unity.visualscripting@1.7.8\Editor\VisualScripting.Core\Dependencies\DotNetZip\Unity.VisualScripting.IonicZip.dll
Native extension for WindowsStandalone target not found
Native extension for WebGL target not found
Refreshing native plugins compatible for Editor in 0.75 ms, found 3 plugins.
Preloading 0 native plugins for Editor in 0.00 ms.
Mono: successfully reloaded assembly
- Completed reload, in  1.849 seconds
Domain Reload Profiling:
	ReloadAssembly (1851ms)
		BeginReloadAssembly (245ms)
			ExecutionOrderSort (0ms)
			DisableScriptedObjects (14ms)
			BackupInstance (0ms)
			ReleaseScriptingObjects (0ms)
			CreateAndSetChildDomain (64ms)
		EndReloadAssembly (1345ms)
			LoadAssemblies (146ms)
			RebuildTransferFunctionScriptingTraits (0ms)
			SetupTypeCache (579ms)
			ReleaseScriptCaches (2ms)
			RebuildScriptCaches (66ms)
			SetupLoadedEditorAssemblies (509ms)
				LogAssemblyErrors (0ms)
				InitializePlatformSupportModulesInManaged (19ms)
				SetLoadedEditorAssemblies (1ms)
				RefreshPlugins (1ms)
				BeforeProcessingInitializeOnLoad (93ms)
				ProcessInitializeOnLoadAttributes (347ms)
				ProcessInitializeOnLoadMethodAttributes (39ms)
				AfterProcessingInitializeOnLoad (8ms)
				EditorAssembliesLoaded (0ms)
			ExecutionOrderSort2 (0ms)
			AwakeInstancesAfterBackupRestoration (7ms)
Platform modules already initialized, skipping
Refreshing native plugins compatible for Editor in 3.45 ms, found 3 plugins.
Preloading 0 native plugins for Editor in 0.00 ms.
Unloading 3357 Unused Serialized files (Serialized files now loaded: 0)
Unloading 20 unused Assets / (80.3 KB). Loaded Objects now: 3909.
Memory consumption went from 120.4 MB to 120.3 MB.
Total: 4.778000 ms (FindLiveObjects: 0.326400 ms CreateObjectMapping: 0.205400 ms MarkObjects: 4.093100 ms  DeleteObjects: 0.151700 ms)

AssetImportParameters requested are different than current active one (requested -> active):
  custom:video-decoder-ogg-theora: a1e56fd34408186e4bbccfd4996cb3dc -> 
  custom:container-muxer-webm: aa71ff27fc2769a1b78a27578f13a17b -> 
  custom:container-demuxer-webm: 4f35f7cbe854078d1ac9338744f61a02 -> 
  custom:video-encoder-webm-vp8: eb34c28f22e8b96e1ab97ce403110664 -> 
  custom:audio-encoder-webm-vorbis: bf7c407c2cedff20999df2af8eb42d56 -> 
  custom:framework-win-MediaFoundation: 216162199b28c13a410421893ffa2e32 -> 
  custom:container-demuxer-ogg: 62fdf1f143b41e24485cea50d1cbac27 -> 
  custom:video-decoder-webm-vp8: 9c59270c3fd7afecdb556c50c9e8de78 -> 
  custom:audio-decoder-ogg-vorbis: bf7c407c2cedff20999df2af8eb42d56 -> 
========================================================================
Received Prepare
Registering precompiled user dll's ...
Registered in 0.008540 seconds.
Begin MonoManager ReloadAssembly
Symbol file LoadedFromMemory doesn't match image C:\Users\asbolge\Desktop\UnityProjeler\Labirent\Library\PackageCache\com.unity.visualscripting@1.7.8\Editor\VisualScripting.Core\Dependencies\YamlDotNet\Unity.VisualScripting.YamlDotNet.dll
Symbol file LoadedFromMemory doesn't match image C:\Users\asbolge\Desktop\UnityProjeler\Labirent\Library\PackageCache\com.unity.visualscripting@1.7.8\Editor\VisualScripting.Core\Dependencies\DotNetZip\Unity.VisualScripting.IonicZip.dll
Native extension for WindowsStandalone target not found
Native extension for WebGL target not found
Refreshing native plugins compatible for Editor in 1.47 ms, found 3 plugins.
Preloading 0 native plugins for Editor in 0.00 ms.
Mono: successfully reloaded assembly
- Completed reload, in  1.953 seconds
Domain Reload Profiling:
	ReloadAssembly (1954ms)
		BeginReloadAssembly (197ms)
			ExecutionOrderSort (0ms)
			DisableScriptedObjects (12ms)
			BackupInstance (0ms)
			ReleaseScriptingObjects (0ms)
			CreateAndSetChildDomain (48ms)
		EndReloadAssembly (1612ms)
			LoadAssemblies (133ms)
			RebuildTransferFunctionScriptingTraits (0ms)
			SetupTypeCache (505ms)
			ReleaseScriptCaches (3ms)
			RebuildScriptCaches (79ms)
			SetupLoadedEditorAssemblies (797ms)
				LogAssemblyErrors (0ms)
				InitializePlatformSupportModulesInManaged (25ms)
				SetLoadedEditorAssemblies (1ms)
				RefreshPlugins (2ms)
				BeforeProcessingInitializeOnLoad (178ms)
				ProcessInitializeOnLoadAttributes (521ms)
				ProcessInitializeOnLoadMethodAttributes (57ms)
				AfterProcessingInitializeOnLoad (13ms)
				EditorAssembliesLoaded (0ms)
			ExecutionOrderSort2 (0ms)
			AwakeInstancesAfterBackupRestoration (13ms)
Platform modules already initialized, skipping
Refreshing native plugins compatible for Editor in 4.86 ms, found 3 plugins.
Preloading 0 native plugins for Editor in 0.00 ms.
Unloading 3357 Unused Serialized files (Serialized files now loaded: 0)
Unloading 20 unused Assets / (80.1 KB). Loaded Objects now: 3912.
Memory consumption went from 120.4 MB to 120.3 MB.
Total: 5.879100 ms (FindLiveObjects: 0.674400 ms CreateObjectMapping: 0.317800 ms MarkObjects: 4.745700 ms  DeleteObjects: 0.139600 ms)

AssetImportParameters requested are different than current active one (requested -> active):
  custom:video-decoder-ogg-theora: a1e56fd34408186e4bbccfd4996cb3dc -> 
  custom:container-muxer-webm: aa71ff27fc2769a1b78a27578f13a17b -> 
  custom:container-demuxer-webm: 4f35f7cbe854078d1ac9338744f61a02 -> 
  custom:video-encoder-webm-vp8: eb34c28f22e8b96e1ab97ce403110664 -> 
  custom:audio-encoder-webm-vorbis: bf7c407c2cedff20999df2af8eb42d56 -> 
  custom:framework-win-MediaFoundation: 216162199b28c13a410421893ffa2e32 -> 
  custom:container-demuxer-ogg: 62fdf1f143b41e24485cea50d1cbac27 -> 
  custom:video-decoder-webm-vp8: 9c59270c3fd7afecdb556c50c9e8de78 -> 
  custom:audio-decoder-ogg-vorbis: bf7c407c2cedff20999df2af8eb42d56 -> 
